\BOOKMARK [0][-]{chapter.1}{Introduction}{}% 1
\BOOKMARK [1][-]{section.1.1}{Purpose}{chapter.1}% 2
\BOOKMARK [1][-]{section.1.2}{Document Conventions}{chapter.1}% 3
\BOOKMARK [1][-]{section.1.3}{Intended Audience and Reading Suggestions}{chapter.1}% 4
\BOOKMARK [1][-]{section.1.4}{Project Scope}{chapter.1}% 5
\BOOKMARK [1][-]{section.1.5}{Overview of Developer's Responsibilities}{chapter.1}% 6
\BOOKMARK [0][-]{chapter.2}{Overall Description}{}% 7
\BOOKMARK [1][-]{section.2.1}{Product Perspective}{chapter.2}% 8
\BOOKMARK [1][-]{section.2.2}{Product Functions}{chapter.2}% 9
\BOOKMARK [1][-]{section.2.3}{User Classes and Characteristics}{chapter.2}% 10
\BOOKMARK [1][-]{section.2.4}{Operating Environment}{chapter.2}% 11
\BOOKMARK [1][-]{section.2.5}{Design and Implementation Constraints}{chapter.2}% 12
\BOOKMARK [1][-]{section.2.6}{User Documentation}{chapter.2}% 13
\BOOKMARK [1][-]{section.2.7}{General Constraints}{chapter.2}% 14
\BOOKMARK [1][-]{section.2.8}{Assumptions and Dependencies}{chapter.2}% 15
\BOOKMARK [0][-]{chapter.3}{External Interface Requirements}{}% 16
\BOOKMARK [1][-]{section.3.1}{User Interfaces}{chapter.3}% 17
\BOOKMARK [1][-]{section.3.2}{Hardware Interfaces}{chapter.3}% 18
\BOOKMARK [1][-]{section.3.3}{Software Interfaces}{chapter.3}% 19
\BOOKMARK [1][-]{section.3.4}{Communications Interfaces}{chapter.3}% 20
\BOOKMARK [0][-]{chapter.4}{Hardware and Software Requirements}{}% 21
\BOOKMARK [1][-]{section.4.1}{Hardware Requirements}{chapter.4}% 22
\BOOKMARK [1][-]{section.4.2}{Software Requirements}{chapter.4}% 23
\BOOKMARK [0][-]{chapter.5}{Functional Requirements}{}% 24
\BOOKMARK [1][-]{section.5.1}{Start/Stop the Hand Gesture Daemon}{chapter.5}% 25
\BOOKMARK [1][-]{section.5.2}{Add new gestures}{chapter.5}% 26
\BOOKMARK [1][-]{section.5.3}{Remove gestures}{chapter.5}% 27
\BOOKMARK [1][-]{section.5.4}{Modify Gestures}{chapter.5}% 28
\BOOKMARK [1][-]{section.5.5}{Choose webcam}{chapter.5}% 29
\BOOKMARK [0][-]{chapter.6}{Other Nonfunctional Requirements}{}% 30
\BOOKMARK [1][-]{section.6.1}{Performance Requirements}{chapter.6}% 31
\BOOKMARK [1][-]{section.6.2}{Safety Requirements}{chapter.6}% 32
\BOOKMARK [1][-]{section.6.3}{Security Requirements}{chapter.6}% 33
\BOOKMARK [1][-]{section.6.4}{Software Quality Attributes}{chapter.6}% 34
\BOOKMARK [0][-]{chapter.7}{Other Requirements}{}% 35
\BOOKMARK [0][-]{chapter*.2}{References}{}% 36
